2021-11-30 11:54:03.033  INFO 20364 --- [main] c.i.poc.demo.GenerateAccountApplication  : Starting GenerateAccountApplication using Java 14 on LAPTOP-1RPTTI2Q with PID 20364 (D:\BLUESCRIPT_DEMO\End-2-EndTestData\JavaMicroservices\Customer\GenAccount\demo\target\classes started by jarvi in d:\BLUESCRIPT_DEMO\End-2-EndTestData\JavaMicroservices\Customer\GenAccount\demo)
2021-11-30 11:54:03.040  INFO 20364 --- [main] c.i.poc.demo.GenerateAccountApplication  : No active profile set, falling back to default profiles: default
2021-11-30 11:54:04.197  INFO 20364 --- [main] .s.d.r.c.RepositoryConfigurationDelegate : Bootstrapping Spring Data JPA repositories in DEFAULT mode.
2021-11-30 11:54:04.363  INFO 20364 --- [main] .s.d.r.c.RepositoryConfigurationDelegate : Finished Spring Data repository scanning in 153 ms. Found 1 JPA repository interfaces.
2021-11-30 11:54:05.012  INFO 20364 --- [main] o.s.b.w.embedded.tomcat.TomcatWebServer  : Tomcat initialized with port(s): 9099 (http)
2021-11-30 11:54:05.035  INFO 20364 --- [main] o.apache.catalina.core.StandardService   : Starting service [Tomcat]
2021-11-30 11:54:05.035  INFO 20364 --- [main] org.apache.catalina.core.StandardEngine  : Starting Servlet engine: [Apache Tomcat/9.0.55]
2021-11-30 11:54:05.175  INFO 20364 --- [main] o.a.c.c.C.[Tomcat].[localhost].[/]       : Initializing Spring embedded WebApplicationContext
2021-11-30 11:54:05.175  INFO 20364 --- [main] w.s.c.ServletWebServerApplicationContext : Root WebApplicationContext: initialization completed in 2065 ms
2021-11-30 11:54:05.312  INFO 20364 --- [main] o.hibernate.jpa.internal.util.LogHelper  : HHH000204: Processing PersistenceUnitInfo [name: default]
2021-11-30 11:54:05.384  INFO 20364 --- [main] org.hibernate.Version                    : HHH000412: Hibernate ORM core version 5.4.32.Final
2021-11-30 11:54:05.486  INFO 24828 --- [main] c.i.poc.demo.GenerateAccountApplication  : Starting GenerateAccountApplication using Java 14 on LAPTOP-1RPTTI2Q with PID 24828 (D:\BLUESCRIPT_DEMO\End-2-EndTestData\JavaMicroservices\Customer\GenAccount\demo\target\classes started by jarvi in d:\BLUESCRIPT_DEMO\End-2-EndTestData\JavaMicroservices\Customer\GenAccount\demo)
2021-11-30 11:54:05.486  INFO 24828 --- [main] c.i.poc.demo.GenerateAccountApplication  : No active profile set, falling back to default profiles: default
2021-11-30 11:54:05.505  INFO 20364 --- [main] o.hibernate.annotations.common.Version   : HCANN000001: Hibernate Commons Annotations {5.1.2.Final}
2021-11-30 11:54:05.604  INFO 20364 --- [main] com.zaxxer.hikari.HikariDataSource       : HikariPool-1 - Starting...
2021-11-30 11:54:05.678  INFO 20364 --- [main] com.zaxxer.hikari.HikariDataSource       : HikariPool-1 - Start completed.
2021-11-30 11:54:05.706  INFO 20364 --- [main] org.hibernate.dialect.Dialect            : HHH000400: Using dialect: org.hibernate.dialect.H2Dialect
2021-11-30 11:54:06.267 DEBUG 20364 --- [main] org.hibernate.SQL                        : 
    
    create table gencustomergen (
       customernumber bigint not null,
        comments varchar(255),
        primary key (customernumber)
    )
2021-11-30 11:54:06.271  INFO 20364 --- [main] o.h.e.t.j.p.i.JtaPlatformInitiator       : HHH000490: Using JtaPlatform implementation: [org.hibernate.engine.transaction.jta.platform.internal.NoJtaPlatform]
2021-11-30 11:54:06.279  INFO 20364 --- [main] j.LocalContainerEntityManagerFactoryBean : Initialized JPA EntityManagerFactory for persistence unit 'default'
2021-11-30 11:54:06.502  INFO 24828 --- [main] .s.d.r.c.RepositoryConfigurationDelegate : Bootstrapping Spring Data JPA repositories in DEFAULT mode.
2021-11-30 11:54:06.673  INFO 24828 --- [main] .s.d.r.c.RepositoryConfigurationDelegate : Finished Spring Data repository scanning in 158 ms. Found 1 JPA repository interfaces.
2021-11-30 11:54:06.774  WARN 20364 --- [main] JpaBaseConfiguration$JpaWebConfiguration : spring.jpa.open-in-view is enabled by default. Therefore, database queries may be performed during view rendering. Explicitly configure spring.jpa.open-in-view to disable this warning
2021-11-30 11:54:07.491  INFO 24828 --- [main] o.s.b.w.embedded.tomcat.TomcatWebServer  : Tomcat initialized with port(s): 9099 (http)
2021-11-30 11:54:07.503  INFO 24828 --- [main] o.apache.catalina.core.StandardService   : Starting service [Tomcat]
2021-11-30 11:54:07.503  INFO 24828 --- [main] org.apache.catalina.core.StandardEngine  : Starting Servlet engine: [Apache Tomcat/9.0.55]
2021-11-30 11:54:07.513  INFO 20364 --- [main] o.s.b.w.embedded.tomcat.TomcatWebServer  : Tomcat started on port(s): 9099 (http) with context path ''
2021-11-30 11:54:07.673  INFO 24828 --- [main] o.a.c.c.C.[Tomcat].[localhost].[/]       : Initializing Spring embedded WebApplicationContext
2021-11-30 11:54:07.673  INFO 24828 --- [main] w.s.c.ServletWebServerApplicationContext : Root WebApplicationContext: initialization completed in 2130 ms
2021-11-30 11:54:07.796  INFO 20364 --- [main] c.i.poc.demo.GenerateAccountApplication  : Started GenerateAccountApplication in 5.227 seconds (JVM running for 5.994)
2021-11-30 11:54:07.867  INFO 24828 --- [main] o.hibernate.jpa.internal.util.LogHelper  : HHH000204: Processing PersistenceUnitInfo [name: default]
2021-11-30 11:54:07.934  INFO 24828 --- [main] org.hibernate.Version                    : HHH000412: Hibernate ORM core version 5.4.32.Final
2021-11-30 11:54:08.034  INFO 24828 --- [main] o.hibernate.annotations.common.Version   : HCANN000001: Hibernate Commons Annotations {5.1.2.Final}
2021-11-30 11:54:08.118  INFO 24828 --- [main] com.zaxxer.hikari.HikariDataSource       : HikariPool-1 - Starting...
2021-11-30 11:54:08.172  INFO 24828 --- [main] com.zaxxer.hikari.HikariDataSource       : HikariPool-1 - Start completed.
2021-11-30 11:54:08.194  INFO 24828 --- [main] org.hibernate.dialect.Dialect            : HHH000400: Using dialect: org.hibernate.dialect.H2Dialect
2021-11-30 11:54:08.651  INFO 24828 --- [main] o.h.e.t.j.p.i.JtaPlatformInitiator       : HHH000490: Using JtaPlatform implementation: [org.hibernate.engine.transaction.jta.platform.internal.NoJtaPlatform]
2021-11-30 11:54:08.655  INFO 24828 --- [main] j.LocalContainerEntityManagerFactoryBean : Initialized JPA EntityManagerFactory for persistence unit 'default'
2021-11-30 11:54:09.082  WARN 24828 --- [main] JpaBaseConfiguration$JpaWebConfiguration : spring.jpa.open-in-view is enabled by default. Therefore, database queries may be performed during view rendering. Explicitly configure spring.jpa.open-in-view to disable this warning
2021-11-30 11:54:09.599  WARN 24828 --- [main] ConfigServletWebServerApplicationContext : Exception encountered during context initialization - cancelling refresh attempt: org.springframework.context.ApplicationContextException: Failed to start bean 'webServerStartStop'; nested exception is org.springframework.boot.web.server.PortInUseException: Port 9099 is already in use
2021-11-30 11:54:09.660  INFO 24828 --- [main] j.LocalContainerEntityManagerFactoryBean : Closing JPA EntityManagerFactory for persistence unit 'default'
2021-11-30 11:54:09.667  INFO 24828 --- [main] com.zaxxer.hikari.HikariDataSource       : HikariPool-1 - Shutdown initiated...
2021-11-30 11:54:09.680  INFO 24828 --- [main] com.zaxxer.hikari.HikariDataSource       : HikariPool-1 - Shutdown completed.
2021-11-30 11:54:09.687  INFO 24828 --- [main] o.apache.catalina.core.StandardService   : Stopping service [Tomcat]
2021-11-30 11:54:09.695  INFO 24828 --- [main] ConditionEvaluationReportLoggingListener : 

Error starting ApplicationContext. To display the conditions report re-run your application with 'debug' enabled.
2021-11-30 11:54:09.705 ERROR 24828 --- [main] o.s.b.d.LoggingFailureAnalysisReporter   : 

***************************
APPLICATION FAILED TO START
***************************

Description:

Web server failed to start. Port 9099 was already in use.

Action:

Identify and stop the process that's listening on port 9099 or configure this application to listen on another port.

2021-11-30 12:05:42.406  INFO 5092 --- [main] com.ibm.poc.demo.DemoApplicationTests    : Starting DemoApplicationTests using Java 14 on LAPTOP-1RPTTI2Q with PID 5092 (started by jarvi in d:\BLUESCRIPT_DEMO\End-2-EndTestData\JavaMicroservices\Customer\GenAccount\demo)
2021-11-30 12:05:42.406  INFO 5092 --- [main] com.ibm.poc.demo.DemoApplicationTests    : No active profile set, falling back to default profiles: default
2021-11-30 12:05:43.524  INFO 5092 --- [main] .s.d.r.c.RepositoryConfigurationDelegate : Bootstrapping Spring Data JPA repositories in DEFAULT mode.
2021-11-30 12:05:43.687  INFO 5092 --- [main] .s.d.r.c.RepositoryConfigurationDelegate : Finished Spring Data repository scanning in 156 ms. Found 1 JPA repository interfaces.
2021-11-30 12:05:44.403  INFO 5092 --- [main] o.hibernate.jpa.internal.util.LogHelper  : HHH000204: Processing PersistenceUnitInfo [name: default]
2021-11-30 12:05:44.486  INFO 5092 --- [main] org.hibernate.Version                    : HHH000412: Hibernate ORM core version 5.4.32.Final
2021-11-30 12:05:44.609  INFO 5092 --- [main] o.hibernate.annotations.common.Version   : HCANN000001: Hibernate Commons Annotations {5.1.2.Final}
2021-11-30 12:05:44.835  INFO 5092 --- [main] com.zaxxer.hikari.HikariDataSource       : HikariPool-1 - Starting...
2021-11-30 12:05:44.909  INFO 5092 --- [main] com.zaxxer.hikari.HikariDataSource       : HikariPool-1 - Start completed.
2021-11-30 12:05:44.926  INFO 5092 --- [main] org.hibernate.dialect.Dialect            : HHH000400: Using dialect: org.hibernate.dialect.H2Dialect
2021-11-30 12:05:45.577  INFO 5092 --- [main] o.h.e.t.j.p.i.JtaPlatformInitiator       : HHH000490: Using JtaPlatform implementation: [org.hibernate.engine.transaction.jta.platform.internal.NoJtaPlatform]
2021-11-30 12:05:45.583  INFO 5092 --- [main] j.LocalContainerEntityManagerFactoryBean : Initialized JPA EntityManagerFactory for persistence unit 'default'
2021-11-30 12:05:46.325  WARN 5092 --- [main] JpaBaseConfiguration$JpaWebConfiguration : spring.jpa.open-in-view is enabled by default. Therefore, database queries may be performed during view rendering. Explicitly configure spring.jpa.open-in-view to disable this warning
2021-11-30 12:05:47.978  INFO 5092 --- [main] com.ibm.poc.demo.DemoApplicationTests    : Started DemoApplicationTests in 5.933 seconds (JVM running for 7.617)
2021-11-30 12:05:48.265  INFO 5092 --- [SpringApplicationShutdownHook] j.LocalContainerEntityManagerFactoryBean : Closing JPA EntityManagerFactory for persistence unit 'default'
2021-11-30 12:05:48.265  INFO 5092 --- [SpringApplicationShutdownHook] com.zaxxer.hikari.HikariDataSource       : HikariPool-1 - Shutdown initiated...
2021-11-30 12:05:48.273  INFO 5092 --- [SpringApplicationShutdownHook] com.zaxxer.hikari.HikariDataSource       : HikariPool-1 - Shutdown completed.
